<?xml version="1.0" encoding="UTF-8"?>
<!-- Generated by org.testng.reporters.JUnitReportReporter -->
<testsuite hostname="virus-alert" failures="0" tests="1" name="com.herokuapp.parent.ParentClass" time="0.016" errors="0" timestamp="14 Aug 2018 15:29:10 GMT" skipped="0">
  <testcase classname="com.herokuapp.parent.ParentClass" name="readPropertis" time="0.016"/>
</testsuite> <!-- com.herokuapp.parent.ParentClass -->
